C:\Code\Weekend\AngularProject\AngularProject\ClientApp\dist\out-tsc\e2e\src\app.po.js
C:\Code\Weekend\AngularProject\AngularProject\ClientApp\dist\out-tsc\e2e\src\app.po.js.map
C:\Code\Weekend\AngularProject\AngularProject\ClientApp\dist\out-tsc\e2e\src\app.e2e-spec.js
C:\Code\Weekend\AngularProject\AngularProject\ClientApp\dist\out-tsc\e2e\src\app.e2e-spec.js.map
C:\Code\Weekend\AngularProject\AngularProject\ClientApp\dist\out-tsc\src\app\home\home.component.js
C:\Code\Weekend\AngularProject\AngularProject\ClientApp\dist\out-tsc\src\app\home\home.component.js.map
C:\Code\Weekend\AngularProject\AngularProject\ClientApp\dist\out-tsc\src\app\models\login.js
C:\Code\Weekend\AngularProject\AngularProject\ClientApp\dist\out-tsc\src\app\models\login.js.map
C:\Code\Weekend\AngularProject\AngularProject\ClientApp\dist\out-tsc\src\environments\environment.js
C:\Code\Weekend\AngularProject\AngularProject\ClientApp\dist\out-tsc\src\environments\environment.js.map
C:\Code\Weekend\AngularProject\AngularProject\ClientApp\dist\out-tsc\src\app\models\user.js
C:\Code\Weekend\AngularProject\AngularProject\ClientApp\dist\out-tsc\src\app\models\user.js.map
C:\Code\Weekend\AngularProject\AngularProject\ClientApp\dist\out-tsc\src\app\services\auth.service.js
C:\Code\Weekend\AngularProject\AngularProject\ClientApp\dist\out-tsc\src\app\services\auth.service.js.map
C:\Code\Weekend\AngularProject\AngularProject\ClientApp\dist\out-tsc\src\app\login\login.component.js
C:\Code\Weekend\AngularProject\AngularProject\ClientApp\dist\out-tsc\src\app\login\login.component.js.map
C:\Code\Weekend\AngularProject\AngularProject\ClientApp\dist\out-tsc\src\app\signup\signup.component.js
C:\Code\Weekend\AngularProject\AngularProject\ClientApp\dist\out-tsc\src\app\signup\signup.component.js.map
C:\Code\Weekend\AngularProject\AngularProject\ClientApp\dist\out-tsc\src\app\notfound\notfound.component.js
C:\Code\Weekend\AngularProject\AngularProject\ClientApp\dist\out-tsc\src\app\notfound\notfound.component.js.map
C:\Code\Weekend\AngularProject\AngularProject\ClientApp\dist\out-tsc\src\app\shared\layout\layout.component.js
C:\Code\Weekend\AngularProject\AngularProject\ClientApp\dist\out-tsc\src\app\shared\layout\layout.component.js.map
C:\Code\Weekend\AngularProject\AngularProject\ClientApp\dist\out-tsc\src\app\logout\logout.component.js
C:\Code\Weekend\AngularProject\AngularProject\ClientApp\dist\out-tsc\src\app\logout\logout.component.js.map
C:\Code\Weekend\AngularProject\AngularProject\ClientApp\dist\out-tsc\src\app\Areas\admin\dashboard\dashboard.component.js
C:\Code\Weekend\AngularProject\AngularProject\ClientApp\dist\out-tsc\src\app\Areas\admin\dashboard\dashboard.component.js.map
C:\Code\Weekend\AngularProject\AngularProject\ClientApp\dist\out-tsc\src\app\Areas\admin\products\products.component.js
C:\Code\Weekend\AngularProject\AngularProject\ClientApp\dist\out-tsc\src\app\Areas\admin\products\products.component.js.map
C:\Code\Weekend\AngularProject\AngularProject\ClientApp\dist\out-tsc\src\app\Areas\admin\shared\layout\adminlayout.component.js
C:\Code\Weekend\AngularProject\AngularProject\ClientApp\dist\out-tsc\src\app\Areas\admin\shared\layout\adminlayout.component.js.map
C:\Code\Weekend\AngularProject\AngularProject\ClientApp\dist\out-tsc\src\app\Areas\admin\admin.routing.module.js
C:\Code\Weekend\AngularProject\AngularProject\ClientApp\dist\out-tsc\src\app\Areas\admin\admin.routing.module.js.map
C:\Code\Weekend\AngularProject\AngularProject\ClientApp\dist\out-tsc\src\app\Areas\admin\admin.module.js
C:\Code\Weekend\AngularProject\AngularProject\ClientApp\dist\out-tsc\src\app\Areas\admin\admin.module.js.map
C:\Code\Weekend\AngularProject\AngularProject\ClientApp\dist\out-tsc\src\app\Areas\user\dashboard\dashboard.component.js
C:\Code\Weekend\AngularProject\AngularProject\ClientApp\dist\out-tsc\src\app\Areas\user\dashboard\dashboard.component.js.map
C:\Code\Weekend\AngularProject\AngularProject\ClientApp\dist\out-tsc\src\app\Areas\user\shared\layout\userlayout.component.js
C:\Code\Weekend\AngularProject\AngularProject\ClientApp\dist\out-tsc\src\app\Areas\user\shared\layout\userlayout.component.js.map
C:\Code\Weekend\AngularProject\AngularProject\ClientApp\dist\out-tsc\src\app\Areas\user\user.routing.module.js
C:\Code\Weekend\AngularProject\AngularProject\ClientApp\dist\out-tsc\src\app\Areas\user\user.routing.module.js.map
C:\Code\Weekend\AngularProject\AngularProject\ClientApp\dist\out-tsc\src\app\Areas\user\user.module.js
C:\Code\Weekend\AngularProject\AngularProject\ClientApp\dist\out-tsc\src\app\Areas\user\user.module.js.map
C:\Code\Weekend\AngularProject\AngularProject\ClientApp\dist\out-tsc\src\app\app-routing.module.js
C:\Code\Weekend\AngularProject\AngularProject\ClientApp\dist\out-tsc\src\app\app-routing.module.js.map
C:\Code\Weekend\AngularProject\AngularProject\ClientApp\dist\out-tsc\src\app\app.component.js
C:\Code\Weekend\AngularProject\AngularProject\ClientApp\dist\out-tsc\src\app\app.component.js.map
C:\Code\Weekend\AngularProject\AngularProject\ClientApp\dist\out-tsc\src\app\cart\cart.component.js
C:\Code\Weekend\AngularProject\AngularProject\ClientApp\dist\out-tsc\src\app\cart\cart.component.js.map
C:\Code\Weekend\AngularProject\AngularProject\ClientApp\dist\out-tsc\src\app\app.module.js
C:\Code\Weekend\AngularProject\AngularProject\ClientApp\dist\out-tsc\src\app\app.module.js.map
C:\Code\Weekend\AngularProject\AngularProject\ClientApp\dist\out-tsc\src\main.js
C:\Code\Weekend\AngularProject\AngularProject\ClientApp\dist\out-tsc\src\main.js.map
C:\Code\Weekend\AngularProject\AngularProject\ClientApp\dist\out-tsc\src\polyfills.js
C:\Code\Weekend\AngularProject\AngularProject\ClientApp\dist\out-tsc\src\polyfills.js.map
C:\Code\Weekend\AngularProject\AngularProject\ClientApp\dist\out-tsc\src\test.js
C:\Code\Weekend\AngularProject\AngularProject\ClientApp\dist\out-tsc\src\test.js.map
C:\Code\Weekend\AngularProject\AngularProject\ClientApp\dist\out-tsc\src\app\admin\dashboard\dashboard.component.js
C:\Code\Weekend\AngularProject\AngularProject\ClientApp\dist\out-tsc\src\app\admin\dashboard\dashboard.component.js.map
C:\Code\Weekend\AngularProject\AngularProject\ClientApp\dist\out-tsc\src\environments\environment.prod.js
C:\Code\Weekend\AngularProject\AngularProject\ClientApp\dist\out-tsc\src\environments\environment.prod.js.map
